<?xml version="1.0" encoding="UTF-8"?>
<!-- Generated by org.testng.reporters.JUnitReportReporter -->
<testsuite hostname="DESKTOP-GOS8FTU" failures="0" tests="1" name="com.mystore.testcases.HomePageTest" time="10.802" errors="0" timestamp="2023-05-05T22:46:15 IST" skipped="0">
  <testcase classname="com.mystore.testcases.HomePageTest" name="validateOrderHistery" time="10.802"/>
  <system-out/>
</testsuite> <!-- com.mystore.testcases.HomePageTest -->
