<?xml version="1.0" encoding="UTF-8"?>
<!-- Generated by org.testng.reporters.JUnitReportReporter -->
<testsuite hostname="DESKTOP-GOS8FTU" failures="0" tests="2" name="com.mystore.testcases.LoginPageTest" time="36.921" errors="0" timestamp="2023-05-05T22:46:15 IST" skipped="0">
  <testcase classname="com.mystore.testcases.LoginPageTest" name="LoginTest" time="16.810"/>
  <system-out/>
  <testcase classname="com.mystore.testcases.LoginPageTest" name="LoginTest" time="20.111"/>
  <system-out/>
</testsuite> <!-- com.mystore.testcases.LoginPageTest -->
