<?xml version="1.0" encoding="UTF-8"?>
<!-- Generated by org.testng.reporters.JUnitReportReporter -->
<testsuite hostname="DESKTOP-GOS8FTU" failures="0" tests="1" name="com.mystore.testcases.SearchResultPageTest" time="15.757" errors="0" timestamp="2023-05-06T10:36:34 IST" skipped="0">
  <testcase classname="com.mystore.testcases.SearchResultPageTest" name="productAvablityTest" time="15.757"/>
  <system-out/>
</testsuite> <!-- com.mystore.testcases.SearchResultPageTest -->
