<?xml version="1.0" encoding="UTF-8"?>
<!-- Generated by org.testng.reporters.JUnitReportReporter -->
<testsuite hostname="DESKTOP-GOS8FTU" failures="0" tests="2" name="com.mystore.testcases.EndToEndTest" time="76.154" errors="0" timestamp="2023-05-06T10:36:34 IST" skipped="0">
  <testcase classname="com.mystore.testcases.EndToEndTest" name="validatingEndToEndFuctionality" time="40.014"/>
  <system-out/>
  <testcase classname="com.mystore.testcases.EndToEndTest" name="validatingEndToEndFuctionality" time="36.140"/>
  <system-out/>
</testsuite> <!-- com.mystore.testcases.EndToEndTest -->
