<?xml version="1.0" encoding="UTF-8"?>
<!-- Generated by org.testng.reporters.JUnitReportReporter -->
<testsuite hostname="DESKTOP-GOS8FTU" failures="0" tests="1" name="com.mystore.testcases.AddToCartPageTest" time="20.177" errors="0" timestamp="2023-05-06T10:36:34 IST" skipped="0">
  <testcase classname="com.mystore.testcases.AddToCartPageTest" name="AddToCartTest" time="20.177"/>
  <system-out/>
</testsuite> <!-- com.mystore.testcases.AddToCartPageTest -->
