<?xml version="1.0" encoding="UTF-8"?>
<!-- Generated by org.testng.reporters.JUnitReportReporter -->
<testsuite hostname="DESKTOP-GOS8FTU" failures="0" tests="2" name="com.mystore.testcases.EndToEndTest" time="68.199" errors="0" timestamp="2023-05-05T23:41:24 IST" skipped="0">
  <testcase classname="com.mystore.testcases.EndToEndTest" name="validatingEndToEndFuctionality" time="37.007"/>
  <system-out/>
  <testcase classname="com.mystore.testcases.EndToEndTest" name="validatingEndToEndFuctionality" time="31.192"/>
  <system-out/>
</testsuite> <!-- com.mystore.testcases.EndToEndTest -->
