<?xml version="1.0" encoding="UTF-8"?>
<!-- Generated by org.testng.reporters.JUnitReportReporter -->
<testsuite hostname="DESKTOP-GOS8FTU" failures="0" tests="1" name="com.mystore.testcases.AddToCartPageTest" time="25.723" errors="0" timestamp="2023-05-05T22:46:15 IST" skipped="0">
  <testcase classname="com.mystore.testcases.AddToCartPageTest" name="AddToCartTest" time="25.723"/>
  <system-out/>
</testsuite> <!-- com.mystore.testcases.AddToCartPageTest -->
