<?xml version="1.0" encoding="UTF-8"?>
<!-- Generated by org.testng.reporters.JUnitReportReporter -->
<testsuite hostname="DESKTOP-GOS8FTU" failures="0" tests="1" name="com.mystore.testcases.OrderPageTest" time="14.397" errors="0" timestamp="2023-05-05T23:41:24 IST" skipped="0">
  <testcase classname="com.mystore.testcases.OrderPageTest" name="validateOrderPrice" time="14.397"/>
  <system-out/>
</testsuite> <!-- com.mystore.testcases.OrderPageTest -->
